#
# A fatal error has been detected by the Java Runtime Environment:
#
#  SIGSEGV (0xb) at pc=0x00000001148f12d7, pid=81200, tid=0x000000000000c407
#
# JRE version: Java(TM) SE Runtime Environment (8.0_121-b13) (build 1.8.0_121-b13)
# Java VM: Java HotSpot(TM) 64-Bit Server VM (25.121-b13 mixed mode bsd-amd64 compressed oops)
# Problematic frame:
# C  [libawt_lwawt.dylib+0x1c2d7]  OGLSD_SetScratchSurface+0x49
#
# Failed to write core dump. Core dumps have been disabled. To enable core dumping, try "ulimit -c unlimited" before starting Java again
#
# If you would like to submit a bug report, please visit:
#   http://bugreport.java.com/bugreport/crash.jsp
# The crash happened outside the Java Virtual Machine in native code.
# See problematic frame for where to report the bug.
#

---------------  T H R E A D  ---------------

Current thread (0x00007fb430803000):  JavaThread "Java2D Queue Flusher" daemon [_thread_in_native, id=50183, stack(0x0000700008649000,0x0000700008749000)]

siginfo: si_signo: 11 (SIGSEGV), si_code: 1 (SEGV_MAPERR), si_addr: 0x0000000000000002

Registers:
RAX=0x0000000114911e26, RBX=0x0000000000000002, RCX=0x0000000000000047, RDX=0x0000000114912370
RSP=0x0000700008748750, RBP=0x0000700008748770, RSI=0x00007fb432e7ed70, RDI=0x00007fb4308031f8
R8 =0x0000000000000dd2, R9 =0xffffffff00000000, R10=0x000000011521c1b8, R11=0x0000000115214100
R12=0x0000000000000000, R13=0x0000700008748908, R14=0x00007fb4308031f8, R15=0x00007fb430803000
RIP=0x00000001148f12d7, EFLAGS=0x0000000000010202, ERR=0x0000000000000004
  TRAPNO=0x000000000000000e

Top of Stack: (sp=0x0000700008748750)
0x0000700008748750:   00007fb432e7ed70 0000000000000000
0x0000700008748760:   00007fb4308f2210 00007fb430803000
0x0000700008748770:   00007000087487f0 0000000114911e4e
0x0000700008748780:   00007fb430637d00 0000000200000001
0x0000700008748790:   0000000000000000 0000700008748900
0x00007000087487a0:   0000000000000000 0000000000000000
0x00007000087487b0:   00007000087487f0 00007fb4308f2220
0x00007000087487c0:   000000000072fa30 00007fb4308031f8
0x00007000087487d0:   000000015c6059d8 0000000000000000
0x00007000087487e0:   0000700008748988 00007fb430803000
0x00007000087487f0:   0000700008748840 000000011521c22a
0x0000700008748800:   0000000797b4d060 000000010f93745c
0x0000700008748810:   0000000000000064 0000000000000000
0x0000700008748820:   0000000000000064 00007fb43065b108
0x0000700008748830:   0000700008748890 000000010f74f494
0x0000700008748840:   0000700008748960 00000001152659fc
0x0000700008748850:   0000000000000001 00007fb43065bc10
0x0000700008748860:   0000000797b10300 00007fb430803000
0x0000700008748870:   00007fb430803000 000000011120ea00
0x0000700008748880:   0000700008748988 00007fb430803000
0x0000700008748890:   00007000087488e0 0000000114fbaaa8
0x00007000087488a0:   0000000797b4d060 0000000115188ee6
0x00007000087488b0:   0000700008748960 000000011521415c
0x00007000087488c0:   ffffffffffffffff 000000011172c100
0x00007000087488d0:   000000011196d448 0000000000000000
0x00007000087488e0:   0000700008748960 0000000114d602bd
0x00007000087488f0:   0000700008748960 0000000114d602bd
0x0000700008748900:   0000000114d602bd 0000000797b4d060
0x0000700008748910:   0000000000000003 0000000797b103e8
0x0000700008748920:   0000700008748910 000000011172f929
0x0000700008748930:   0000700008748988 00000001117301b0
0x0000700008748940:   0000000000000000 000000011172fa30 

Instructions: (pc=0x00000001148f12d7)
0x00000001148f12b7:   c0 e9 82 00 00 00 48 8b 5e 10 48 85 db 75 0e bf
0x00000001148f12c7:   01 00 00 00 48 8d 15 0a 7e 03 00 eb d6 49 89 fe
0x00000001148f12d7:   4c 8b 3b 30 c0 e8 d9 a8 02 00 49 8b 3f 49 89 c4
0x00000001148f12e7:   48 8b 35 d2 03 06 00 30 c0 e8 e5 a9 02 00 48 85 

Register to memory mapping:

RAX=0x0000000114911e26: Java_sun_java2d_opengl_OGLRenderQueue_flushBuffer+0x612 in /Library/Java/JavaVirtualMachines/jdk1.8.0_121.jdk/Contents/Home/jre/lib/libawt_lwawt.dylib at 0x00000001148d5000
RBX=0x0000000000000002 is an unknown value
RCX=0x0000000000000047 is an unknown value
RDX=0x0000000114912370: Java_sun_java2d_opengl_OGLRenderQueue_flushBuffer+0xb5c in /Library/Java/JavaVirtualMachines/jdk1.8.0_121.jdk/Contents/Home/jre/lib/libawt_lwawt.dylib at 0x00000001148d5000
RSP=0x0000700008748750 is pointing into the stack for thread: 0x00007fb430803000
RBP=0x0000700008748770 is pointing into the stack for thread: 0x00007fb430803000
RSI=0x00007fb432e7ed70 is an unknown value
RDI=0x00007fb4308031f8 is an unknown value
R8 =0x0000000000000dd2 is an unknown value
R9 =0xffffffff00000000 is an unknown value
R10=0x000000011521c1b8 is at entry_point+56 in (nmethod*)0x000000011521c010
R11=0x0000000115214100 is at entry_point+0 in (nmethod*)0x0000000115213f90
R12=0x0000000000000000 is an unknown value
R13=0x0000700008748908 is pointing into the stack for thread: 0x00007fb430803000
R14=0x00007fb4308031f8 is an unknown value
R15=0x00007fb430803000 is a thread


Stack: [0x0000700008649000,0x0000700008749000],  sp=0x0000700008748750,  free space=1021k
Native frames: (J=compiled Java code, j=interpreted, Vv=VM code, C=native code)
C  [libawt_lwawt.dylib+0x1c2d7]  OGLSD_SetScratchSurface+0x49
C  [libawt_lwawt.dylib+0x3ce4e]  Java_sun_java2d_opengl_OGLRenderQueue_flushBuffer+0x63a
J 1614  sun.java2d.opengl.OGLRenderQueue.flushBuffer(JI)V (0 bytes) @ 0x000000011521c22a [0x000000011521c180+0xaa]
J 1725 C1 sun.java2d.opengl.OGLRenderQueue.flushBuffer()V (41 bytes) @ 0x00000001152659fc [0x00000001152657a0+0x25c]
J 1608 C1 sun.java2d.opengl.OGLRenderQueue.access$100(Lsun/java2d/opengl/OGLRenderQueue;)V (5 bytes) @ 0x000000011521415c [0x0000000115214100+0x5c]
j  sun.java2d.opengl.OGLRenderQueue$QueueFlusher.run()V+81
v  ~StubRoutines::call_stub
V  [libjvm.dylib+0x2ed9d6]
V  [libjvm.dylib+0x2ee164]
V  [libjvm.dylib+0x2ee310]
V  [libjvm.dylib+0x348a5d]
V  [libjvm.dylib+0x56ab0f]
V  [libjvm.dylib+0x56c1fc]
V  [libjvm.dylib+0x48a5b2]
C  [libsystem_pthread.dylib+0x333d]  _pthread_body+0x7e
C  [libsystem_pthread.dylib+0x62a7]  _pthread_start+0x46
C  [libsystem_pthread.dylib+0x2425]  thread_start+0xd
C  0x0000000000000000

Java frames: (J=compiled Java code, j=interpreted, Vv=VM code)
J 1614  sun.java2d.opengl.OGLRenderQueue.flushBuffer(JI)V (0 bytes) @ 0x000000011521c1b8 [0x000000011521c180+0x38]
J 1725 C1 sun.java2d.opengl.OGLRenderQueue.flushBuffer()V (41 bytes) @ 0x00000001152659fc [0x00000001152657a0+0x25c]
J 1608 C1 sun.java2d.opengl.OGLRenderQueue.access$100(Lsun/java2d/opengl/OGLRenderQueue;)V (5 bytes) @ 0x000000011521415c [0x0000000115214100+0x5c]
j  sun.java2d.opengl.OGLRenderQueue$QueueFlusher.run()V+81
v  ~StubRoutines::call_stub

---------------  P R O C E S S  ---------------

Java Threads: ( => current thread )
  0x00007fb4319c6000 JavaThread "RMI Scheduler(0)" daemon [_thread_blocked, id=30467, stack(0x00007000083ba000,0x00007000084ba000)]
  0x00007fb4321a1000 JavaThread "RMI TCP Accept-0" daemon [_thread_in_native, id=23303, stack(0x000070000707b000,0x000070000717b000)]
  0x00007fb4319b7000 JavaThread "TimerQueue" daemon [_thread_blocked, id=73995, stack(0x0000700008952000,0x0000700008a52000)]
  0x00007fb430934000 JavaThread "Attach Listener" daemon [_thread_blocked, id=74515, stack(0x000070000884f000,0x000070000894f000)]
  0x00007fb430922800 JavaThread "Java2D Disposer" daemon [_thread_blocked, id=52227, stack(0x000070000874c000,0x000070000884c000)]
=>0x00007fb430803000 JavaThread "Java2D Queue Flusher" daemon [_thread_in_native, id=50183, stack(0x0000700008649000,0x0000700008749000)]
  0x00007fb431255800 JavaThread "DestroyJavaVM" [_thread_blocked, id=5635, stack(0x0000700007181000,0x0000700007281000)]
  0x00007fb43218d000 JavaThread "AWT-EventQueue-0" [_thread_blocked, id=45655, stack(0x0000700008546000,0x0000700008646000)]
  0x00007fb4318f0000 JavaThread "AWT-Shutdown" [_thread_blocked, id=38187, stack(0x0000700008131000,0x0000700008231000)]
  0x00007fb431211000 JavaThread "AppKit Thread" daemon [_thread_in_native, id=775, stack(0x00007ffee0a01000,0x00007ffee1201000)]
  0x00007fb43189d800 JavaThread "Service Thread" daemon [_thread_blocked, id=17155, stack(0x0000700007ea8000,0x0000700007fa8000)]
  0x00007fb432096000 JavaThread "C1 CompilerThread2" daemon [_thread_blocked, id=17667, stack(0x0000700007da5000,0x0000700007ea5000)]
  0x00007fb432095000 JavaThread "C2 CompilerThread1" daemon [_thread_blocked, id=14083, stack(0x0000700007ca2000,0x0000700007da2000)]
  0x00007fb432052000 JavaThread "C2 CompilerThread0" daemon [_thread_blocked, id=18179, stack(0x0000700007b9f000,0x0000700007c9f000)]
  0x00007fb430856800 JavaThread "Monitor Ctrl-Break" daemon [_thread_in_native, id=13571, stack(0x0000700007a9c000,0x0000700007b9c000)]
  0x00007fb432008000 JavaThread "Signal Dispatcher" daemon [_thread_blocked, id=18947, stack(0x0000700007999000,0x0000700007a99000)]
  0x00007fb431804800 JavaThread "Finalizer" daemon [_thread_blocked, id=20227, stack(0x0000700007896000,0x0000700007996000)]
  0x00007fb431022000 JavaThread "Reference Handler" daemon [_thread_blocked, id=11523, stack(0x0000700007793000,0x0000700007893000)]

Other Threads:
  0x00007fb430807800 VMThread [stack: 0x0000700007690000,0x0000700007790000] [id=20995]
  0x00007fb4320a8800 WatcherThread [stack: 0x0000700007fab000,0x00007000080ab000] [id=16899]

VM state:not at safepoint (normal execution)

VM Mutex/Monitor currently owned by a thread: None

Heap:
 PSYoungGen      total 38400K, used 4044K [0x0000000795580000, 0x0000000798000000, 0x00000007c0000000)
  eden space 33280K, 2% used [0x0000000795580000,0x000000079564b0b8,0x0000000797600000)
  from space 5120K, 63% used [0x0000000797b00000,0x0000000797e28020,0x0000000798000000)
  to   space 5120K, 0% used [0x0000000797600000,0x0000000797600000,0x0000000797b00000)
 ParOldGen       total 87552K, used 32K [0x0000000740000000, 0x0000000745580000, 0x0000000795580000)
  object space 87552K, 0% used [0x0000000740000000,0x0000000740008000,0x0000000745580000)
 Metaspace       used 14957K, capacity 15404K, committed 15488K, reserved 1062912K
  class space    used 1759K, capacity 1887K, committed 1920K, reserved 1048576K

Card table byte_map: [0x0000000110762000,0x0000000110b63000] byte_map_base: 0x000000010cd62000

Marking Bits: (ParMarkBitMap*) 0x000000010fcf0d30
 Begin Bits: [0x0000000123d58000, 0x0000000125d58000)
 End Bits:   [0x0000000125d58000, 0x0000000127d58000)

Polling page: 0x000000010ea6d000

CodeCache: size=245760Kb used=6696Kb max_used=6707Kb free=239063Kb
 bounds [0x0000000114d58000, 0x00000001153f8000, 0x0000000123d58000]
 total_blobs=2518 nmethods=1987 adapters=444
 compilation: enabled

Compilation events (10 events):
Event: 4447.599 Thread 0x00007fb432096000 2169   !   3       java.lang.ref.Reference::tryHandlePending (115 bytes)
Event: 4447.600 Thread 0x00007fb432096000 nmethod 2169 0x000000011534b110 code [0x000000011534b340, 0x000000011534c008]
Event: 4447.600 Thread 0x00007fb432096000 2170   !   3       java.lang.ref.ReferenceQueue::enqueue (119 bytes)
Event: 4447.600 Thread 0x00007fb432096000 nmethod 2170 0x000000011538e410 code [0x000000011538e5c0, 0x000000011538ed48]
Event: 4447.600 Thread 0x00007fb432096000 2171       3       javax.management.openmbean.SimpleType::equals (26 bytes)
Event: 4447.601 Thread 0x00007fb432052000 2173       4       sun.java2d.pipe.RenderBuffer::putLong (26 bytes)
Event: 4447.601 Thread 0x00007fb432096000 nmethod 2171 0x00000001150f40d0 code [0x00000001150f4260, 0x00000001150f47c8]
Event: 4447.601 Thread 0x00007fb432096000 2172       3       javax.management.openmbean.OpenType::isAssignableFrom (6 bytes)
Event: 4447.601 Thread 0x00007fb432096000 nmethod 2172 0x000000011538f9d0 code [0x000000011538fb40, 0x000000011538fd48]
Event: 4447.601 Thread 0x00007fb432052000 nmethod 2173 0x0000000114e66e50 code [0x0000000114e66fa0, 0x0000000114e67038]

GC Heap History (4 events):
Event: 772.778 GC heap before
{Heap before GC invocations=1 (full 0):
 PSYoungGen      total 38400K, used 33280K [0x0000000795580000, 0x0000000798000000, 0x00000007c0000000)
  eden space 33280K, 100% used [0x0000000795580000,0x0000000797600000,0x0000000797600000)
  from space 5120K, 0% used [0x0000000797b00000,0x0000000797b00000,0x0000000798000000)
  to   space 5120K, 0% used [0x0000000797600000,0x0000000797600000,0x0000000797b00000)
 ParOldGen       total 87552K, used 0K [0x0000000740000000, 0x0000000745580000, 0x0000000795580000)
  object space 87552K, 0% used [0x0000000740000000,0x0000000740000000,0x0000000745580000)
 Metaspace       used 14566K, capacity 15020K, committed 15232K, reserved 1062912K
  class space    used 1714K, capacity 1823K, committed 1920K, reserved 1048576K
Event: 772.787 GC heap after
Heap after GC invocations=1 (full 0):
 PSYoungGen      total 38400K, used 3232K [0x0000000795580000, 0x0000000798000000, 0x00000007c0000000)
  eden space 33280K, 0% used [0x0000000795580000,0x0000000795580000,0x0000000797600000)
  from space 5120K, 63% used [0x0000000797600000,0x0000000797928020,0x0000000797b00000)
  to   space 5120K, 0% used [0x0000000797b00000,0x0000000797b00000,0x0000000798000000)
 ParOldGen       total 87552K, used 24K [0x0000000740000000, 0x0000000745580000, 0x0000000795580000)
  object space 87552K, 0% used [0x0000000740000000,0x0000000740006000,0x0000000745580000)
 Metaspace       used 14566K, capacity 15020K, committed 15232K, reserved 1062912K
  class space    used 1714K, capacity 1823K, committed 1920K, reserved 1048576K
}
Event: 4447.582 GC heap before
{Heap before GC invocations=2 (full 0):
 PSYoungGen      total 38400K, used 36512K [0x0000000795580000, 0x0000000798000000, 0x00000007c0000000)
  eden space 33280K, 100% used [0x0000000795580000,0x0000000797600000,0x0000000797600000)
  from space 5120K, 63% used [0x0000000797600000,0x0000000797928020,0x0000000797b00000)
  to   space 5120K, 0% used [0x0000000797b00000,0x0000000797b00000,0x0000000798000000)
 ParOldGen       total 87552K, used 24K [0x0000000740000000, 0x0000000745580000, 0x0000000795580000)
  object space 87552K, 0% used [0x0000000740000000,0x0000000740006000,0x0000000745580000)
 Metaspace       used 14953K, capacity 15404K, committed 15488K, reserved 1062912K
  class space    used 1759K, capacity 1887K, committed 1920K, reserved 1048576K
Event: 4447.598 GC heap after
Heap after GC invocations=2 (full 0):
 PSYoungGen      total 38400K, used 3232K [0x0000000795580000, 0x0000000798000000, 0x00000007c0000000)
  eden space 33280K, 0% used [0x0000000795580000,0x0000000795580000,0x0000000797600000)
  from space 5120K, 63% used [0x0000000797b00000,0x0000000797e28020,0x0000000798000000)
  to   space 5120K, 0% used [0x0000000797600000,0x0000000797600000,0x0000000797b00000)
 ParOldGen       total 87552K, used 32K [0x0000000740000000, 0x0000000745580000, 0x0000000795580000)
  object space 87552K, 0% used [0x0000000740000000,0x0000000740008000,0x0000000745580000)
 Metaspace       used 14953K, capacity 15404K, committed 15488K, reserved 1062912K
  class space    used 1759K, capacity 1887K, committed 1920K, reserved 1048576K
}

Deoptimization events (10 events):
Event: 857.945 Thread 0x00007fb431211000 Uncommon trap: reason=unstable_if action=reinterpret pc=0x0000000115253368 method=sun.java2d.pipe.Region.clipScale(ID)I @ 3
Event: 858.625 Thread 0x00007fb43218d000 Uncommon trap: reason=bimorphic action=maybe_recompile pc=0x000000011503f28c method=sun.java2d.SunGraphics2D.validateColor()V @ 95
Event: 858.734 Thread 0x00007fb43218d000 Uncommon trap: reason=bimorphic action=maybe_recompile pc=0x000000011503f28c method=sun.java2d.SunGraphics2D.validateColor()V @ 95
Event: 858.900 Thread 0x00007fb43218d000 Uncommon trap: reason=bimorphic action=maybe_recompile pc=0x00000001152b7788 method=sun.java2d.SunGraphics2D.validateColor()V @ 95
Event: 858.900 Thread 0x00007fb43218d000 Uncommon trap: reason=bimorphic action=maybe_recompile pc=0x000000011503f28c method=sun.java2d.SunGraphics2D.validateColor()V @ 95
Event: 858.986 Thread 0x00007fb43218d000 Uncommon trap: reason=unstable_if action=reinterpret pc=0x00000001152b772c method=sun.java2d.SunGraphics2D.setColor(Ljava/awt/Color;)V @ 35
Event: 3558.920 Thread 0x00007fb43218d000 Uncommon trap: reason=unstable_if action=reinterpret pc=0x0000000115353f78 method=sun.java2d.loops.ProcessPath.IS_CLIPPED(I)Z @ 6
Event: 3558.920 Thread 0x00007fb43218d000 Uncommon trap: reason=unstable_if action=reinterpret pc=0x0000000115378eb4 method=sun.java2d.loops.ProcessPath$FillData.addPoint(IIZ)V @ 51
Event: 3558.921 Thread 0x00007fb43218d000 Uncommon trap: reason=unstable_if action=reinterpret pc=0x000000011534fe34 method=sun.java2d.loops.ProcessPath.FillPolygon(Lsun/java2d/loops/ProcessPath$FillProcessHandler;I)V @ 374
Event: 3564.308 Thread 0x00007fb43218d000 Uncommon trap: reason=unstable_if action=reinterpret pc=0x00000001153454fc method=sun.java2d.pipe.BufferedContext.validate(Lsun/java2d/pipe/hw/AccelSurface;Lsun/java2d/pipe/hw/AccelSurface;Lsun/java2d/pipe/Region;Ljava/awt/Composite;Ljava/awt/geom/AffineT

Internal exceptions (10 events):
Event: 32.020 Thread 0x00007fb4321dc000 Exception <a 'java/lang/reflect/InvocationTargetException'> (0x0000000796d69370) thrown at [/Users/java_re/workspace/8-2-build-macosx-x86_64/jdk8u121/8372/hotspot/src/share/vm/runtime/reflection.cpp, line 1092]
Event: 32.022 Thread 0x00007fb4321dc000 Exception <a 'java/lang/reflect/InvocationTargetException'> (0x0000000796d6f868) thrown at [/Users/java_re/workspace/8-2-build-macosx-x86_64/jdk8u121/8372/hotspot/src/share/vm/runtime/reflection.cpp, line 1092]
Event: 36.024 Thread 0x00007fb430889800 Exception <a 'java/lang/reflect/InvocationTargetException'> (0x0000000796fd7680) thrown at [/Users/java_re/workspace/8-2-build-macosx-x86_64/jdk8u121/8372/hotspot/src/share/vm/runtime/reflection.cpp, line 1092]
Event: 36.028 Thread 0x00007fb430889800 Exception <a 'java/lang/reflect/InvocationTargetException'> (0x0000000796fdb170) thrown at [/Users/java_re/workspace/8-2-build-macosx-x86_64/jdk8u121/8372/hotspot/src/share/vm/runtime/reflection.cpp, line 1092]
Event: 772.790 Thread 0x00007fb431804800 Exception <a 'java/lang/NullPointerException'> (0x000000079573d870) thrown at [/Users/java_re/workspace/8-2-build-macosx-x86_64/jdk8u121/8372/hotspot/src/share/vm/interpreter/linkResolver.cpp, line 1178]
Event: 772.796 Thread 0x00007fb43189d800 Exception <a 'java/lang/ArrayIndexOutOfBoundsException'> (0x00000007955f5b90) thrown at [/Users/java_re/workspace/8-2-build-macosx-x86_64/jdk8u121/8372/hotspot/src/share/vm/runtime/sharedRuntime.cpp, line 605]
Event: 772.798 Thread 0x00007fb43189d800 Exception <a 'java/lang/ArrayIndexOutOfBoundsException'> (0x00000007955fe2a8) thrown at [/Users/java_re/workspace/8-2-build-macosx-x86_64/jdk8u121/8372/hotspot/src/share/vm/runtime/sharedRuntime.cpp, line 605]
Event: 772.798 Thread 0x00007fb43189d800 Exception <a 'java/lang/ArrayIndexOutOfBoundsException'> (0x0000000795600da0) thrown at [/Users/java_re/workspace/8-2-build-macosx-x86_64/jdk8u121/8372/hotspot/src/share/vm/runtime/sharedRuntime.cpp, line 605]
Event: 3563.638 Thread 0x00007fb431211000 Exception <a 'java/lang/RuntimeException': Failed to convert, no screen.> (0x0000000795923a20) thrown at [/Users/java_re/workspace/8-2-build-macosx-x86_64/jdk8u121/8372/hotspot/src/share/vm/prims/jni.cpp, line 735]
Event: 3563.645 Thread 0x00007fb43218d000 Exception <a 'java/lang/RuntimeException': Failed to convert, no screen.> (0x0000000796f57368) thrown at [/Users/java_re/workspace/8-2-build-macosx-x86_64/jdk8u121/8372/hotspot/src/share/vm/prims/jni.cpp, line 735]

Events (10 events):
Event: 3563.644 loading class java/lang/Throwable$WrappedPrintWriter done
Event: 3563.647 Executing VM operation: RevokeBias
Event: 3563.648 Executing VM operation: RevokeBias done
Event: 3564.308 Thread 0x00007fb43218d000 Uncommon trap: trap_request=0xffffff65 fr.pc=0x00000001153454fc
Event: 3564.308 Thread 0x00007fb43218d000 DEOPT PACKING pc=0x00000001153454fc sp=0x00007000086432e0
Event: 3564.308 Thread 0x00007fb43218d000 DEOPT UNPACKING pc=0x0000000114d5d229 sp=0x0000700008643278 mode 2
Event: 4438.534 Thread 0x00007fb43218d000 DEOPT PACKING pc=0x00000001153a6d82 sp=0x0000700008643550
Event: 4438.534 Thread 0x00007fb43218d000 DEOPT UNPACKING pc=0x0000000114d9f633 sp=0x0000700008643278 mode 0
Event: 4447.582 Executing VM operation: ParallelGCFailedAllocation
Event: 4447.598 Executing VM operation: ParallelGCFailedAllocation done


Dynamic libraries:
0x0000000002f6a000 	/System/Library/Frameworks/Cocoa.framework/Versions/A/Cocoa
0x0000000002f6a000 	/System/Library/Frameworks/Security.framework/Versions/A/Security
0x0000000002f6a000 	/System/Library/Frameworks/ApplicationServices.framework/Versions/A/ApplicationServices
0x0000000002f6a000 	/usr/lib/libz.1.dylib
0x0000000002f6a000 	/usr/lib/libSystem.B.dylib
0x0000000002f6a000 	/usr/lib/libobjc.A.dylib
0x0000000002f6a000 	/System/Library/Frameworks/CoreFoundation.framework/Versions/A/CoreFoundation
0x0000000002f6a000 	/System/Library/Frameworks/Foundation.framework/Versions/C/Foundation
0x0000000002f6a000 	/System/Library/Frameworks/AppKit.framework/Versions/C/AppKit
0x0000000002f6a000 	/System/Library/Frameworks/CoreData.framework/Versions/A/CoreData
0x0000000002f6a000 	/System/Library/PrivateFrameworks/RemoteViewServices.framework/Versions/A/RemoteViewServices
0x0000000002f6a000 	/System/Library/PrivateFrameworks/UIFoundation.framework/Versions/A/UIFoundation
0x0000000002f6a000 	/System/Library/PrivateFrameworks/XCTTargetBootstrap.framework/Versions/A/XCTTargetBootstrap
0x0000000002f6a000 	/System/Library/PrivateFrameworks/IconServices.framework/Versions/A/IconServices
0x0000000002f6a000 	/System/Library/Frameworks/Metal.framework/Versions/A/Metal
0x0000000002f6a000 	/System/Library/PrivateFrameworks/DesktopServicesPriv.framework/Versions/A/DesktopServicesPriv
0x0000000002f6a000 	/usr/lib/libenergytrace.dylib
0x0000000002f6a000 	/System/Library/PrivateFrameworks/SkyLight.framework/Versions/A/SkyLight
0x0000000002f6a000 	/System/Library/Frameworks/CoreGraphics.framework/Versions/A/CoreGraphics
0x0000000002f6a000 	/System/Library/Frameworks/Accelerate.framework/Versions/A/Accelerate
0x0000000002f6a000 	/System/Library/Frameworks/IOSurface.framework/Versions/A/IOSurface
0x0000000002f6a000 	/System/Library/PrivateFrameworks/DFRFoundation.framework/Versions/A/DFRFoundation
0x0000000002f6a000 	/System/Library/Frameworks/AudioToolbox.framework/Versions/A/AudioToolbox
0x0000000002f6a000 	/System/Library/Frameworks/AudioUnit.framework/Versions/A/AudioUnit
0x0000000002f6a000 	/System/Library/PrivateFrameworks/DataDetectorsCore.framework/Versions/A/DataDetectorsCore
0x0000000002f6a000 	/System/Library/Frameworks/Carbon.framework/Versions/A/Frameworks/HIToolbox.framework/Versions/A/HIToolbox
0x0000000002f6a000 	/usr/lib/libicucore.A.dylib
0x0000000002f6a000 	/System/Library/Frameworks/QuartzCore.framework/Versions/A/QuartzCore
0x0000000002f6a000 	/System/Library/Frameworks/Carbon.framework/Versions/A/Frameworks/SpeechRecognition.framework/Versions/A/SpeechRecognition
0x0000000002f6a000 	/usr/lib/libauto.dylib
0x0000000002f6a000 	/usr/lib/libxml2.2.dylib
0x0000000002f6a000 	/System/Library/PrivateFrameworks/CoreUI.framework/Versions/A/CoreUI
0x0000000002f6a000 	/System/Library/Frameworks/CoreAudio.framework/Versions/A/CoreAudio
0x0000000002f6a000 	/System/Library/Frameworks/DiskArbitration.framework/Versions/A/DiskArbitration
0x0000000002f6a000 	/usr/lib/liblangid.dylib
0x0000000002f6a000 	/System/Library/PrivateFrameworks/MultitouchSupport.framework/Versions/A/MultitouchSupport
0x0000000002f6a000 	/System/Library/Frameworks/IOKit.framework/Versions/A/IOKit
0x0000000002f6a000 	/usr/lib/libDiagnosticMessagesClient.dylib
0x0000000002f6a000 	/System/Library/Frameworks/CoreServices.framework/Versions/A/CoreServices
0x0000000002f6a000 	/System/Library/PrivateFrameworks/PerformanceAnalysis.framework/Versions/A/PerformanceAnalysis
0x0000000002f6a000 	/System/Library/Frameworks/OpenGL.framework/Versions/A/OpenGL
0x0000000002f6a000 	/System/Library/Frameworks/ColorSync.framework/Versions/A/ColorSync
0x0000000002f6a000 	/System/Library/Frameworks/CoreImage.framework/Versions/A/CoreImage
0x0000000002f6a000 	/System/Library/Frameworks/CoreText.framework/Versions/A/CoreText
0x0000000002f6a000 	/System/Library/Frameworks/ImageIO.framework/Versions/A/ImageIO
0x0000000002f6a000 	/System/Library/PrivateFrameworks/Backup.framework/Versions/A/Backup
0x0000000002f6a000 	/usr/lib/libarchive.2.dylib
0x0000000002f6a000 	/System/Library/Frameworks/CFNetwork.framework/Versions/A/CFNetwork
0x0000000002f6a000 	/System/Library/Frameworks/SystemConfiguration.framework/Versions/A/SystemConfiguration
0x0000000002f6a000 	/usr/lib/libCRFSuite.dylib
0x0000000002f6a000 	/usr/lib/libc++.1.dylib
0x0000000002f6a000 	/usr/lib/libc++abi.dylib
0x0000000002f6a000 	/usr/lib/system/libcache.dylib
0x0000000002f6a000 	/usr/lib/system/libcommonCrypto.dylib
0x0000000002f6a000 	/usr/lib/system/libcompiler_rt.dylib
0x0000000002f6a000 	/usr/lib/system/libcopyfile.dylib
0x0000000002f6a000 	/usr/lib/system/libcorecrypto.dylib
0x0000000002f6a000 	/usr/lib/system/libdispatch.dylib
0x0000000002f6a000 	/usr/lib/system/libdyld.dylib
0x0000000002f6a000 	/usr/lib/system/libkeymgr.dylib
0x0000000002f6a000 	/usr/lib/system/liblaunch.dylib
0x0000000002f6a000 	/usr/lib/system/libmacho.dylib
0x0000000002f6a000 	/usr/lib/system/libquarantine.dylib
0x0000000002f6a000 	/usr/lib/system/libremovefile.dylib
0x0000000002f6a000 	/usr/lib/system/libsystem_asl.dylib
0x0000000002f6a000 	/usr/lib/system/libsystem_blocks.dylib
0x0000000002f6a000 	/usr/lib/system/libsystem_c.dylib
0x0000000002f6a000 	/usr/lib/system/libsystem_configuration.dylib
0x0000000002f6a000 	/usr/lib/system/libsystem_coreservices.dylib
0x0000000002f6a000 	/usr/lib/system/libsystem_darwin.dylib
0x0000000002f6a000 	/usr/lib/system/libsystem_dnssd.dylib
0x0000000002f6a000 	/usr/lib/system/libsystem_info.dylib
0x0000000002f6a000 	/usr/lib/system/libsystem_m.dylib
0x0000000002f6a000 	/usr/lib/system/libsystem_malloc.dylib
0x0000000002f6a000 	/usr/lib/system/libsystem_networkextension.dylib
0x0000000002f6a000 	/usr/lib/system/libsystem_notify.dylib
0x0000000002f6a000 	/usr/lib/system/libsystem_sandbox.dylib
0x0000000002f6a000 	/usr/lib/system/libsystem_secinit.dylib
0x0000000002f6a000 	/usr/lib/system/libsystem_kernel.dylib
0x0000000002f6a000 	/usr/lib/system/libsystem_platform.dylib
0x0000000002f6a000 	/usr/lib/system/libsystem_pthread.dylib
0x0000000002f6a000 	/usr/lib/system/libsystem_symptoms.dylib
0x0000000002f6a000 	/usr/lib/system/libsystem_trace.dylib
0x0000000002f6a000 	/usr/lib/system/libunwind.dylib
0x0000000002f6a000 	/usr/lib/system/libxpc.dylib
0x0000000002f6a000 	/usr/lib/libbsm.0.dylib
0x0000000002f6a000 	/usr/lib/system/libkxld.dylib
0x0000000002f6a000 	/System/Library/PrivateFrameworks/AppleFSCompression.framework/Versions/A/AppleFSCompression
0x0000000002f6a000 	/usr/lib/libOpenScriptingUtil.dylib
0x0000000002f6a000 	/usr/lib/libcoretls.dylib
0x0000000002f6a000 	/usr/lib/libcoretls_cfhelpers.dylib
0x0000000002f6a000 	/usr/lib/libpam.2.dylib
0x0000000002f6a000 	/usr/lib/libsqlite3.dylib
0x0000000002f6a000 	/usr/lib/libxar.1.dylib
0x0000000002f6a000 	/usr/lib/libbz2.1.0.dylib
0x0000000002f6a000 	/usr/lib/liblzma.5.dylib
0x0000000002f6a000 	/usr/lib/libnetwork.dylib
0x0000000002f6a000 	/usr/lib/libapple_nghttp2.dylib
0x0000000002f6a000 	/usr/lib/libpcap.A.dylib
0x0000000002f6a000 	/System/Library/Frameworks/CoreServices.framework/Versions/A/Frameworks/FSEvents.framework/Versions/A/FSEvents
0x0000000002f6a000 	/System/Library/Frameworks/CoreServices.framework/Versions/A/Frameworks/CarbonCore.framework/Versions/A/CarbonCore
0x0000000002f6a000 	/System/Library/Frameworks/CoreServices.framework/Versions/A/Frameworks/Metadata.framework/Versions/A/Metadata
0x0000000002f6a000 	/System/Library/Frameworks/CoreServices.framework/Versions/A/Frameworks/OSServices.framework/Versions/A/OSServices
0x0000000002f6a000 	/System/Library/Frameworks/CoreServices.framework/Versions/A/Frameworks/SearchKit.framework/Versions/A/SearchKit
0x0000000002f6a000 	/System/Library/Frameworks/CoreServices.framework/Versions/A/Frameworks/AE.framework/Versions/A/AE
0x0000000002f6a000 	/System/Library/Frameworks/CoreServices.framework/Versions/A/Frameworks/LaunchServices.framework/Versions/A/LaunchServices
0x0000000002f6a000 	/System/Library/Frameworks/CoreServices.framework/Versions/A/Frameworks/DictionaryServices.framework/Versions/A/DictionaryServices
0x0000000002f6a000 	/System/Library/Frameworks/CoreServices.framework/Versions/A/Frameworks/SharedFileList.framework/Versions/A/SharedFileList
0x0000000002f6a000 	/System/Library/Frameworks/NetFS.framework/Versions/A/NetFS
0x0000000002f6a000 	/System/Library/PrivateFrameworks/NetAuth.framework/Versions/A/NetAuth
0x0000000002f6a000 	/System/Library/PrivateFrameworks/login.framework/Versions/A/Frameworks/loginsupport.framework/Versions/A/loginsupport
0x0000000002f6a000 	/System/Library/PrivateFrameworks/TCC.framework/Versions/A/TCC
0x0000000002f6a000 	/System/Library/PrivateFrameworks/CoreNLP.framework/Versions/A/CoreNLP
0x0000000002f6a000 	/System/Library/PrivateFrameworks/MetadataUtilities.framework/Versions/A/MetadataUtilities
0x0000000002f6a000 	/usr/lib/libmecabra.dylib
0x0000000002f6a000 	/System/Library/Frameworks/ApplicationServices.framework/Versions/A/Frameworks/ATS.framework/Versions/A/ATS
0x0000000002f6a000 	/System/Library/Frameworks/ApplicationServices.framework/Versions/A/Frameworks/ColorSyncLegacy.framework/Versions/A/ColorSyncLegacy
0x0000000002f6a000 	/System/Library/Frameworks/ApplicationServices.framework/Versions/A/Frameworks/HIServices.framework/Versions/A/HIServices
0x0000000002f6a000 	/System/Library/Frameworks/ApplicationServices.framework/Versions/A/Frameworks/LangAnalysis.framework/Versions/A/LangAnalysis
0x0000000002f6a000 	/System/Library/Frameworks/ApplicationServices.framework/Versions/A/Frameworks/PrintCore.framework/Versions/A/PrintCore
0x0000000002f6a000 	/System/Library/Frameworks/ApplicationServices.framework/Versions/A/Frameworks/QD.framework/Versions/A/QD
0x0000000002f6a000 	/System/Library/Frameworks/ApplicationServices.framework/Versions/A/Frameworks/SpeechSynthesis.framework/Versions/A/SpeechSynthesis
0x0000000002f6a000 	/usr/lib/libcompression.dylib
0x0000000002f6a000 	/System/Library/Frameworks/CoreDisplay.framework/Versions/A/CoreDisplay
0x0000000002f6a000 	/System/Library/Frameworks/MetalPerformanceShaders.framework/Versions/A/MetalPerformanceShaders
0x0000000002f6a000 	/System/Library/Frameworks/Accelerate.framework/Versions/A/Frameworks/vImage.framework/Versions/A/vImage
0x0000000002f6a000 	/System/Library/Frameworks/Accelerate.framework/Versions/A/Frameworks/vecLib.framework/Versions/A/vecLib
0x0000000002f6a000 	/System/Library/Frameworks/Accelerate.framework/Versions/A/Frameworks/vecLib.framework/Versions/A/libvMisc.dylib
0x0000000002f6a000 	/System/Library/Frameworks/Accelerate.framework/Versions/A/Frameworks/vecLib.framework/Versions/A/libvDSP.dylib
0x0000000002f6a000 	/System/Library/Frameworks/Accelerate.framework/Versions/A/Frameworks/vecLib.framework/Versions/A/libBLAS.dylib
0x0000000002f6a000 	/System/Library/Frameworks/Accelerate.framework/Versions/A/Frameworks/vecLib.framework/Versions/A/libLAPACK.dylib
0x0000000002f6a000 	/System/Library/Frameworks/Accelerate.framework/Versions/A/Frameworks/vecLib.framework/Versions/A/libLinearAlgebra.dylib
0x0000000002f6a000 	/System/Library/Frameworks/Accelerate.framework/Versions/A/Frameworks/vecLib.framework/Versions/A/libSparseBLAS.dylib
0x0000000002f6a000 	/System/Library/Frameworks/Accelerate.framework/Versions/A/Frameworks/vecLib.framework/Versions/A/libQuadrature.dylib
0x0000000002f6a000 	/System/Library/Frameworks/Accelerate.framework/Versions/A/Frameworks/vecLib.framework/Versions/A/libBNNS.dylib
0x0000000002f6a000 	/System/Library/Frameworks/Accelerate.framework/Versions/A/Frameworks/vecLib.framework/Versions/A/libSparse.dylib
0x0000000002f6a000 	/System/Library/PrivateFrameworks/GPUWrangler.framework/Versions/A/GPUWrangler
0x0000000002f6a000 	/System/Library/PrivateFrameworks/IOAccelerator.framework/Versions/A/IOAccelerator
0x0000000002f6a000 	/System/Library/PrivateFrameworks/IOPresentment.framework/Versions/A/IOPresentment
0x0000000002f6a000 	/System/Library/PrivateFrameworks/DSExternalDisplay.framework/Versions/A/DSExternalDisplay
0x0000000002f6a000 	/System/Library/Frameworks/OpenGL.framework/Versions/A/Libraries/libCoreFSCache.dylib
0x0000000002f6a000 	/System/Library/Frameworks/MetalPerformanceShaders.framework/Frameworks/MPSCore.framework/Versions/A/MPSCore
0x0000000002f6a000 	/System/Library/Frameworks/MetalPerformanceShaders.framework/Frameworks/MPSImage.framework/Versions/A/MPSImage
0x0000000002f6a000 	/System/Library/Frameworks/MetalPerformanceShaders.framework/Frameworks/MPSNeuralNetwork.framework/Versions/A/MPSNeuralNetwork
0x0000000002f6a000 	/System/Library/Frameworks/MetalPerformanceShaders.framework/Frameworks/MPSMatrix.framework/Versions/A/MPSMatrix
0x0000000002f6a000 	/System/Library/Frameworks/MetalPerformanceShaders.framework/Frameworks/MPSRayIntersector.framework/Versions/A/MPSRayIntersector
0x0000000002f6a000 	/System/Library/PrivateFrameworks/MetalTools.framework/Versions/A/MetalTools
0x0000000002f6a000 	/System/Library/PrivateFrameworks/AggregateDictionary.framework/Versions/A/AggregateDictionary
0x0000000002f6a000 	/usr/lib/libMobileGestalt.dylib
0x0000000002f6a000 	/System/Library/Frameworks/CoreVideo.framework/Versions/A/CoreVideo
0x0000000002f6a000 	/System/Library/PrivateFrameworks/GraphVisualizer.framework/Versions/A/GraphVisualizer
0x0000000002f6a000 	/System/Library/PrivateFrameworks/FaceCore.framework/Versions/A/FaceCore
0x0000000002f6a000 	/System/Library/Frameworks/OpenCL.framework/Versions/A/OpenCL
0x0000000002f6a000 	/usr/lib/libFosl_dynamic.dylib
0x0000000002f6a000 	/System/Library/PrivateFrameworks/OTSVG.framework/Versions/A/OTSVG
0x0000000002f6a000 	/System/Library/Frameworks/ApplicationServices.framework/Versions/A/Frameworks/ATS.framework/Versions/A/Resources/libFontParser.dylib
0x0000000002f6a000 	/System/Library/Frameworks/ApplicationServices.framework/Versions/A/Frameworks/ATS.framework/Versions/A/Resources/libFontRegistry.dylib
0x0000000002f6a000 	/System/Library/Frameworks/ImageIO.framework/Versions/A/Resources/libJPEG.dylib
0x0000000002f6a000 	/System/Library/Frameworks/ImageIO.framework/Versions/A/Resources/libTIFF.dylib
0x0000000002f6a000 	/System/Library/Frameworks/ImageIO.framework/Versions/A/Resources/libPng.dylib
0x0000000002f6a000 	/System/Library/Frameworks/ImageIO.framework/Versions/A/Resources/libGIF.dylib
0x0000000002f6a000 	/System/Library/Frameworks/ImageIO.framework/Versions/A/Resources/libJP2.dylib
0x0000000002f6a000 	/System/Library/Frameworks/ImageIO.framework/Versions/A/Resources/libRadiance.dylib
0x0000000002f6a000 	/System/Library/PrivateFrameworks/AppleJPEG.framework/Versions/A/AppleJPEG
0x0000000002f6a000 	/System/Library/Frameworks/OpenGL.framework/Versions/A/Libraries/libGFXShared.dylib
0x0000000002f6a000 	/System/Library/Frameworks/OpenGL.framework/Versions/A/Libraries/libGLU.dylib
0x0000000002f6a000 	/System/Library/Frameworks/OpenGL.framework/Versions/A/Libraries/libGL.dylib
0x0000000002f6a000 	/System/Library/Frameworks/OpenGL.framework/Versions/A/Libraries/libGLImage.dylib
0x0000000002f6a000 	/System/Library/Frameworks/OpenGL.framework/Versions/A/Libraries/libCVMSPluginSupport.dylib
0x0000000002f6a000 	/System/Library/Frameworks/OpenGL.framework/Versions/A/Libraries/libCoreVMClient.dylib
0x0000000002f6a000 	/usr/lib/libcups.2.dylib
0x0000000002f6a000 	/System/Library/Frameworks/Kerberos.framework/Versions/A/Kerberos
0x0000000002f6a000 	/System/Library/Frameworks/GSS.framework/Versions/A/GSS
0x0000000002f6a000 	/usr/lib/libresolv.9.dylib
0x0000000002f6a000 	/usr/lib/libiconv.2.dylib
0x0000000002f6a000 	/System/Library/PrivateFrameworks/Heimdal.framework/Versions/A/Heimdal
0x0000000002f6a000 	/usr/lib/libheimdal-asn1.dylib
0x0000000002f6a000 	/System/Library/Frameworks/OpenDirectory.framework/Versions/A/OpenDirectory
0x0000000002f6a000 	/System/Library/PrivateFrameworks/CommonAuth.framework/Versions/A/CommonAuth
0x0000000002f6a000 	/System/Library/Frameworks/OpenDirectory.framework/Versions/A/Frameworks/CFOpenDirectory.framework/Versions/A/CFOpenDirectory
0x0000000002f6a000 	/System/Library/Frameworks/SecurityFoundation.framework/Versions/A/SecurityFoundation
0x0000000002f6a000 	/System/Library/PrivateFrameworks/APFS.framework/Versions/A/APFS
0x0000000002f6a000 	/usr/lib/libutil.dylib
0x0000000002f6a000 	/usr/lib/libcharset.1.dylib
0x0000000002f6a000 	/System/Library/PrivateFrameworks/AppleSauce.framework/Versions/A/AppleSauce
0x0000000002f6a000 	/System/Library/PrivateFrameworks/AssertionServices.framework/Versions/A/AssertionServices
0x0000000002f6a000 	/System/Library/PrivateFrameworks/BaseBoard.framework/Versions/A/BaseBoard
0x0000000002f6a000 	/usr/lib/libmecab.1.0.0.dylib
0x0000000002f6a000 	/usr/lib/libgermantok.dylib
0x0000000002f6a000 	/usr/lib/libThaiTokenizer.dylib
0x0000000002f6a000 	/usr/lib/libChineseTokenizer.dylib
0x0000000002f6a000 	/System/Library/PrivateFrameworks/LanguageModeling.framework/Versions/A/LanguageModeling
0x0000000002f6a000 	/System/Library/PrivateFrameworks/CoreEmoji.framework/Versions/A/CoreEmoji
0x0000000002f6a000 	/System/Library/PrivateFrameworks/Lexicon.framework/Versions/A/Lexicon
0x0000000002f6a000 	/System/Library/PrivateFrameworks/LinguisticData.framework/Versions/A/LinguisticData
0x0000000002f6a000 	/usr/lib/libcmph.dylib
0x0000000002f6a000 	/System/Library/Frameworks/ServiceManagement.framework/Versions/A/ServiceManagement
0x0000000002f6a000 	/System/Library/PrivateFrameworks/BackgroundTaskManagement.framework/Versions/A/BackgroundTaskManagement
0x0000000002f6a000 	/usr/lib/libxslt.1.dylib
0x0000000002f6a000 	/System/Library/Frameworks/Carbon.framework/Versions/A/Frameworks/Ink.framework/Versions/A/Ink
0x0000000002f6a000 	/System/Library/PrivateFrameworks/TextureIO.framework/Versions/A/TextureIO
0x0000000002f6a000 	/usr/lib/libate.dylib
0x0000000002f6a000 	/System/Library/PrivateFrameworks/CrashReporterSupport.framework/Versions/A/CrashReporterSupport
0x0000000002f6a000 	/System/Library/PrivateFrameworks/Sharing.framework/Versions/A/Sharing
0x0000000002f6a000 	/System/Library/PrivateFrameworks/AuthKit.framework/Versions/A/AuthKit
0x0000000002f6a000 	/System/Library/PrivateFrameworks/Apple80211.framework/Versions/A/Apple80211
0x0000000002f6a000 	/System/Library/PrivateFrameworks/CoreUtils.framework/Versions/A/CoreUtils
0x0000000002f6a000 	/System/Library/Frameworks/CoreWLAN.framework/Versions/A/CoreWLAN
0x0000000002f6a000 	/System/Library/Frameworks/IOBluetooth.framework/Versions/A/IOBluetooth
0x0000000002f6a000 	/System/Library/PrivateFrameworks/ProtocolBuffer.framework/Versions/A/ProtocolBuffer
0x0000000002f6a000 	/System/Library/PrivateFrameworks/MobileKeyBag.framework/Versions/A/MobileKeyBag
0x0000000002f6a000 	/System/Library/PrivateFrameworks/CorePhoneNumbers.framework/Versions/A/CorePhoneNumbers
0x0000000002f6a000 	/System/Library/PrivateFrameworks/AppleIDAuthSupport.framework/Versions/A/AppleIDAuthSupport
0x0000000002f6a000 	/System/Library/PrivateFrameworks/KeychainCircle.framework/Versions/A/KeychainCircle
0x0000000002f6a000 	/System/Library/PrivateFrameworks/ROCKit.framework/Versions/A/ROCKit
0x0000000002f6a000 	/System/Library/PrivateFrameworks/CoreWiFi.framework/Versions/A/CoreWiFi
0x0000000002f6a000 	/System/Library/Frameworks/CoreBluetooth.framework/Versions/A/CoreBluetooth
0x0000000002f6a000 	/System/Library/PrivateFrameworks/DebugSymbols.framework/Versions/A/DebugSymbols
0x0000000002f6a000 	/System/Library/PrivateFrameworks/CoreSymbolication.framework/Versions/A/CoreSymbolication
0x0000000002f6a000 	/System/Library/PrivateFrameworks/Symbolication.framework/Versions/A/Symbolication
0x0000000002f6a000 	/System/Library/PrivateFrameworks/SpeechRecognitionCore.framework/Versions/A/SpeechRecognitionCore
0x000000010f400000 	/Library/Java/JavaVirtualMachines/jdk1.8.0_121.jdk/Contents/Home/jre/lib/server/libjvm.dylib
0x0000000002f6a000 	/usr/lib/libstdc++.6.dylib
0x000000010ea2a000 	/Library/Java/JavaVirtualMachines/jdk1.8.0_121.jdk/Contents/Home/jre/lib/libverify.dylib
0x000000010ea38000 	/Library/Java/JavaVirtualMachines/jdk1.8.0_121.jdk/Contents/Home/jre/lib/libjava.dylib
0x000000010ea6e000 	/Library/Java/JavaVirtualMachines/jdk1.8.0_121.jdk/Contents/Home/jre/lib/libinstrument.dylib
0x000000010eb0c000 	/Library/Java/JavaVirtualMachines/jdk1.8.0_121.jdk/Contents/Home/jre/lib/libzip.dylib
0x0000000002f6a000 	/System/Library/Frameworks/JavaVM.framework/Versions/A/Frameworks/JavaRuntimeSupport.framework/Versions/A/JavaRuntimeSupport
0x0000000002f6a000 	/System/Library/Frameworks/JavaVM.framework/Versions/A/Frameworks/JavaNativeFoundation.framework/Versions/A/JavaNativeFoundation
0x0000000002f6a000 	/System/Library/Frameworks/JavaVM.framework/Versions/A/JavaVM
0x0000000002f6a000 	/System/Library/Frameworks/Carbon.framework/Versions/A/Carbon
0x0000000002f6a000 	/System/Library/PrivateFrameworks/JavaLaunching.framework/Versions/A/JavaLaunching
0x0000000002f6a000 	/System/Library/Frameworks/Carbon.framework/Versions/A/Frameworks/CommonPanels.framework/Versions/A/CommonPanels
0x0000000002f6a000 	/System/Library/Frameworks/Carbon.framework/Versions/A/Frameworks/Help.framework/Versions/A/Help
0x0000000002f6a000 	/System/Library/Frameworks/Carbon.framework/Versions/A/Frameworks/ImageCapture.framework/Versions/A/ImageCapture
0x0000000002f6a000 	/System/Library/Frameworks/Carbon.framework/Versions/A/Frameworks/OpenScripting.framework/Versions/A/OpenScripting
0x0000000002f6a000 	/System/Library/Frameworks/Carbon.framework/Versions/A/Frameworks/Print.framework/Versions/A/Print
0x0000000002f6a000 	/System/Library/Frameworks/Carbon.framework/Versions/A/Frameworks/SecurityHI.framework/Versions/A/SecurityHI
0x0000000114702000 	/Library/Java/JavaVirtualMachines/jdk1.8.0_121.jdk/Contents/Home/jre/lib/libnet.dylib
0x0000000114761000 	/Library/Java/JavaVirtualMachines/jdk1.8.0_121.jdk/Contents/Home/jre/lib/libawt.dylib
0x0000000114809000 	/Library/Java/JavaVirtualMachines/jdk1.8.0_121.jdk/Contents/Home/jre/lib/./libmlib_image.dylib
0x00000001148d5000 	/Library/Java/JavaVirtualMachines/jdk1.8.0_121.jdk/Contents/Home/jre/lib/libawt_lwawt.dylib
0x000000011498c000 	/Library/Java/JavaVirtualMachines/jdk1.8.0_121.jdk/Contents/Home/jre/lib/./libosxapp.dylib
0x0000000002f6a000 	/System/Library/Frameworks/ExceptionHandling.framework/Versions/A/ExceptionHandling
0x0000000002f6a000 	/System/Library/PrivateFrameworks/CoreServicesInternal.framework/Versions/A/CoreServicesInternal
0x0000000002f6a000 	/System/Library/CoreServices/RawCamera.bundle/Contents/MacOS/RawCamera
0x0000000002f6a000 	/System/Library/PrivateFrameworks/MobileAsset.framework/Versions/A/MobileAsset
0x0000000002f6a000 	/System/Library/PrivateFrameworks/StreamingZip.framework/Versions/A/StreamingZip
0x0000000002f6a000 	/System/Library/Frameworks/MediaToolbox.framework/Versions/A/MediaToolbox
0x0000000002f6a000 	/System/Library/PrivateFrameworks/CoreAVCHD.framework/Versions/A/CoreAVCHD
0x0000000002f6a000 	/System/Library/Frameworks/MediaAccessibility.framework/Versions/A/MediaAccessibility
0x0000000002f6a000 	/System/Library/PrivateFrameworks/Mangrove.framework/Versions/A/Mangrove
0x0000000002f6a000 	/System/Library/Frameworks/CoreMedia.framework/Versions/A/CoreMedia
0x0000000002f6a000 	/System/Library/Frameworks/VideoToolbox.framework/Versions/A/VideoToolbox
0x0000000002f6a000 	/System/Library/PrivateFrameworks/CoreAUC.framework/Versions/A/CoreAUC
0x0000000002f6a000 	/usr/lib/libspindump.dylib
0x0000000002f6a000 	/System/Library/PrivateFrameworks/AppleVA.framework/Versions/A/AppleVA
0x0000000002f6a000 	/System/Library/Frameworks/Accelerate.framework/Versions/A/Frameworks/vImage.framework/Versions/A/Libraries/libCGInterfaces.dylib
0x0000000002f6a000 	/System/Library/Frameworks/ApplicationServices.framework/Versions/A/Frameworks/ATS.framework/Versions/A/Resources/libTrueTypeScaler.dylib
0x0000000002f6a000 	/System/Library/Extensions/AppleIntelHD5000GraphicsMTLDriver.bundle/Contents/MacOS/AppleIntelHD5000GraphicsMTLDriver
0x0000000002f6a000 	/System/Library/PrivateFrameworks/GPUCompiler.framework/Versions/3902/Libraries/libmetal_timestamp.dylib
0x0000000002f6a000 	/System/Library/PrivateFrameworks/FamilyControls.framework/Versions/A/FamilyControls
0x0000000002f6a000 	/System/Library/PrivateFrameworks/CommerceKit.framework/Versions/A/Frameworks/CommerceCore.framework/Versions/A/CommerceCore
0x0000000002f6a000 	/System/Library/PrivateFrameworks/SystemAdministration.framework/Versions/A/SystemAdministration
0x0000000002f6a000 	/System/Library/PrivateFrameworks/AppContainer.framework/Versions/A/AppContainer
0x0000000002f6a000 	/System/Library/PrivateFrameworks/AppSandbox.framework/Versions/A/AppSandbox
0x0000000002f6a000 	/System/Library/PrivateFrameworks/SecCodeWrapper.framework/Versions/A/SecCodeWrapper
0x0000000002f6a000 	/usr/lib/libsandbox.1.dylib
0x0000000002f6a000 	/usr/lib/libMatch.1.dylib
0x0000000002f6a000 	/System/Library/PrivateFrameworks/DiskManagement.framework/Versions/A/DiskManagement
0x0000000002f6a000 	/System/Library/Frameworks/DirectoryService.framework/Versions/A/DirectoryService
0x0000000002f6a000 	/System/Library/PrivateFrameworks/DiskImages.framework/Versions/A/DiskImages
0x0000000002f6a000 	/System/Library/PrivateFrameworks/LoginUIKit.framework/Versions/A/Frameworks/LoginUICore.framework/Versions/A/LoginUICore
0x0000000002f6a000 	/usr/lib/libCoreStorage.dylib
0x0000000002f6a000 	/usr/lib/libcsfde.dylib
0x0000000002f6a000 	/usr/lib/libodfde.dylib
0x0000000002f6a000 	/System/Library/PrivateFrameworks/MediaKit.framework/Versions/A/MediaKit
0x0000000002f6a000 	/System/Library/Frameworks/DiscRecording.framework/Versions/A/DiscRecording
0x0000000002f6a000 	/System/Library/PrivateFrameworks/EFILogin.framework/Versions/A/EFILogin
0x0000000002f6a000 	/System/Library/PrivateFrameworks/ProtectedCloudStorage.framework/Versions/A/ProtectedCloudStorage
0x0000000002f6a000 	/usr/lib/libcurl.4.dylib
0x0000000002f6a000 	/usr/lib/libcrypto.42.dylib
0x0000000002f6a000 	/usr/lib/libssl.44.dylib
0x0000000002f6a000 	/System/Library/Frameworks/LDAP.framework/Versions/A/LDAP
0x0000000002f6a000 	/System/Library/PrivateFrameworks/TrustEvaluationAgent.framework/Versions/A/TrustEvaluationAgent
0x0000000002f6a000 	/usr/lib/libsasl2.2.dylib
0x0000000002f6a000 	/System/Library/PrivateFrameworks/CoreDaemon.framework/Versions/B/CoreDaemon
0x0000000002f6a000 	/System/Library/PrivateFrameworks/AppleSRP.framework/Versions/A/AppleSRP
0x0000000002f6a000 	/System/Library/PrivateFrameworks/ViewBridge.framework/Versions/A/ViewBridge
0x000000012a366000 	/Library/Java/JavaVirtualMachines/jdk1.8.0_121.jdk/Contents/Home/jre/lib/libfontmanager.dylib
0x0000000002f6a000 	/System/Library/Frameworks/OpenGL.framework/Versions/A/Resources/GLEngine.bundle/GLEngine
0x0000000002f6a000 	/System/Library/Frameworks/OpenGL.framework/Versions/A/Libraries/libGLProgrammability.dylib
0x0000000002f6a000 	/System/Library/Extensions/AppleIntelHD5000GraphicsGLDriver.bundle/Contents/MacOS/AppleIntelHD5000GraphicsGLDriver
0x0000000002f6a000 	/System/Library/PrivateFrameworks/GPUSupport.framework/Versions/A/Libraries/libGPUSupportMercury.dylib
0x0000000002f6a000 	/System/Library/Frameworks/OpenGL.framework/Versions/A/Resources/GLRendererFloat.bundle/GLRendererFloat
0x0000000002f6a000 	/System/Library/Frameworks/OpenCL.framework/Versions/A/Libraries/libcldcpuengine.dylib
0x0000000002f6a000 	/usr/lib/libcrypto.35.dylib
0x000000012b156000 	/Library/Java/JavaVirtualMachines/jdk1.8.0_121.jdk/Contents/Home/jre/lib/libosxui.dylib
0x000000012bb82000 	/usr/lib/libobjc-trampolines.dylib
0x000000012ce2d000 	/Library/Java/JavaVirtualMachines/jdk1.8.0_121.jdk/Contents/Home/jre/lib/libnio.dylib
0x000000012929c000 	/Library/Java/JavaVirtualMachines/jdk1.8.0_121.jdk/Contents/Home/jre/lib/libmanagement.dylib

VM Arguments:
jvm_args: -javaagent:/Applications/IntelliJ IDEA CE.app/Contents/lib/idea_rt.jar=64440:/Applications/IntelliJ IDEA CE.app/Contents/bin -Dfile.encoding=UTF-8 
java_command: App
java_class_path (initial): /Library/Java/JavaVirtualMachines/jdk1.8.0_121.jdk/Contents/Home/jre/lib/charsets.jar:/Library/Java/JavaVirtualMachines/jdk1.8.0_121.jdk/Contents/Home/jre/lib/deploy.jar:/Library/Java/JavaVirtualMachines/jdk1.8.0_121.jdk/Contents/Home/jre/lib/ext/cldrdata.jar:/Library/Java/JavaVirtualMachines/jdk1.8.0_121.jdk/Contents/Home/jre/lib/ext/dnsns.jar:/Library/Java/JavaVirtualMachines/jdk1.8.0_121.jdk/Contents/Home/jre/lib/ext/jaccess.jar:/Library/Java/JavaVirtualMachines/jdk1.8.0_121.jdk/Contents/Home/jre/lib/ext/jfxrt.jar:/Library/Java/JavaVirtualMachines/jdk1.8.0_121.jdk/Contents/Home/jre/lib/ext/localedata.jar:/Library/Java/JavaVirtualMachines/jdk1.8.0_121.jdk/Contents/Home/jre/lib/ext/nashorn.jar:/Library/Java/JavaVirtualMachines/jdk1.8.0_121.jdk/Contents/Home/jre/lib/ext/sunec.jar:/Library/Java/JavaVirtualMachines/jdk1.8.0_121.jdk/Contents/Home/jre/lib/ext/sunjce_provider.jar:/Library/Java/JavaVirtualMachines/jdk1.8.0_121.jdk/Contents/Home/jre/lib/ext/sunpkcs11.jar:/Library/Java/JavaVirtualMachines/jdk1.8.0_121.jdk/Contents/Home/jre/lib/ext/zipfs.jar:/Library/Java/JavaVirtualMachines/jdk1.8.0_121.jdk/Contents/Home/jre/lib/javaws.jar:/Library/Java/JavaVirtualMachines/jdk1.8.0_121.jdk/Contents/Home/jre/lib/jce.jar:/Library/Java/JavaVirtualMachines/jdk1.8.0_121.jdk/Contents/Home/jre/lib/jfr.jar:/Library/Java/JavaVirtualMachines/jdk1.8.0_121.jdk/Contents/Home/jre/lib/jfxswt.jar:/Library/Java/JavaVirtualMachines/jdk1.8.0_121.jdk/Contents/Home/jre/lib/jsse.jar:/Library/Java/JavaVirtualMachines/jdk1.8.0_121.jdk/Contents/Home/jre/lib/management-agent.jar:/Library/Java/JavaVirtualMachines/jdk1.8.0_121.jdk/Contents/Home/jre/lib/plugin.jar:/Library/Java/JavaVirtualMachines/jdk1.8.0_121.jdk/Contents/Home/jre/lib/resources.jar:/Library/Java/JavaVirtualMachines/jdk1.8.0_121.jdk/Contents/Home/jre/lib/rt.jar:/Library/Java/JavaVirtualMachines/jdk1.8.0_121.jdk/Contents/Home/lib/ant-javafx.jar:/Library/Java/JavaVirtualMachines/jdk1.8.0_121.jdk/Contents/Home
Launcher Type: SUN_STANDARD

Environment Variables:
PATH=/opt/local/bin:/opt/local/sbin:/usr/local/bin:/usr/bin:/bin:/usr/sbin:/sbin:/usr/local/share/dotnet:/usr/local/mysql/bin:/opt/X11/bin:~/.dotnet/tools
SHELL=/bin/bash
DISPLAY=/private/tmp/com.apple.launchd.PaECFe95Zm/org.macosforge.xquartz:0

Signal Handlers:
SIGSEGV: [libjvm.dylib+0x5b1141], sa_mask[0]=11111111011111110111111111111111, sa_flags=SA_ONSTACK|SA_RESTART|SA_SIGINFO
SIGBUS: [libjvm.dylib+0x5b1141], sa_mask[0]=11111111011111110111111111111111, sa_flags=SA_RESTART|SA_SIGINFO
SIGFPE: [libjvm.dylib+0x487bc4], sa_mask[0]=11111111011111110111111111111111, sa_flags=SA_RESTART|SA_SIGINFO
SIGPIPE: [libjvm.dylib+0x487bc4], sa_mask[0]=11111111011111110111111111111111, sa_flags=SA_RESTART|SA_SIGINFO
SIGXFSZ: [libjvm.dylib+0x487bc4], sa_mask[0]=11111111011111110111111111111111, sa_flags=SA_RESTART|SA_SIGINFO
SIGILL: [libjvm.dylib+0x487bc4], sa_mask[0]=11111111011111110111111111111111, sa_flags=SA_RESTART|SA_SIGINFO
SIGUSR1: SIG_DFL, sa_mask[0]=00000000000000000000000000000000, sa_flags=none
SIGUSR2: [libjvm.dylib+0x4876e2], sa_mask[0]=00100000000000000000000000000000, sa_flags=SA_RESTART|SA_SIGINFO
SIGHUP: [libjvm.dylib+0x485cb9], sa_mask[0]=11111111011111110111111111111111, sa_flags=SA_RESTART|SA_SIGINFO
SIGINT: [libjvm.dylib+0x485cb9], sa_mask[0]=11111111011111110111111111111111, sa_flags=SA_RESTART|SA_SIGINFO
SIGTERM: [libjvm.dylib+0x485cb9], sa_mask[0]=11111111011111110111111111111111, sa_flags=SA_RESTART|SA_SIGINFO
SIGQUIT: [libjvm.dylib+0x485cb9], sa_mask[0]=11111111011111110111111111111111, sa_flags=SA_RESTART|SA_SIGINFO


---------------  S Y S T E M  ---------------

OS:Bsduname:Darwin 18.0.0 Darwin Kernel Version 18.0.0: Wed Aug 22 20:13:40 PDT 2018; root:xnu-4903.201.2~1/RELEASE_X86_64 x86_64
rlimit: STACK 8192k, CORE 0k, NPROC 709, NOFILE 10240, AS infinity
load average:5.46 4.29 3.94

CPU:total 4 (2 cores per cpu, 2 threads per core) family 6 model 69 stepping 1, cmov, cx8, fxsr, mmx, sse, sse2, sse3, ssse3, sse4.1, sse4.2, popcnt, avx, avx2, aes, clmul, erms, lzcnt, ht, tsc, tscinvbit, bmi1, bmi2

Memory: 4k page, physical 8388608k(437736k free)

/proc/meminfo:


vm_info: Java HotSpot(TM) 64-Bit Server VM (25.121-b13) for bsd-amd64 JRE (1.8.0_121-b13), built on Dec 12 2016 20:39:32 by "java_re" with gcc 4.2.1 (Based on Apple Inc. build 5658) (LLVM build 2336.11.00)

time: Sat Jun  8 21:49:51 2019
elapsed time: 4447 seconds (0d 1h 14m 7s)

